This is pdfTeX, Version 3.1415926-2.5-1.40.14 (TeX Live 2013/Debian) (format=pdflatex 2015.10.15)  19 OCT 2015 15:48
entering extended mode
 restricted \write18 enabled.
 %&-line parsing enabled.
**ProMo_Bewertung01.tex
(./ProMo_Bewertung01.tex
LaTeX2e <2011/06/27>
Babel <3.9h> and hyphenation patterns for 78 languages loaded.
(/usr/share/texlive/texmf-dist/tex/latex/base/article.cls
Document Class: article 2007/10/19 v1.4h Standard LaTeX document class
(/usr/share/texlive/texmf-dist/tex/latex/base/size11.clo
File: size11.clo 2007/10/19 v1.4h Standard LaTeX file (size option)
)
\c@part=\count79
\c@section=\count80
\c@subsection=\count81
\c@subsubsection=\count82
\c@paragraph=\count83
\c@subparagraph=\count84
\c@figure=\count85
\c@table=\count86
\abovecaptionskip=\skip41
\belowcaptionskip=\skip42
\bibindent=\dimen102
)
(/usr/share/texlive/texmf-dist/tex/latex/a4wide/a4wide.sty
Package: a4wide 1994/08/30

(/usr/share/texlive/texmf-dist/tex/latex/ntgclass/a4.sty
Package: a4 2004/04/15 v1.2g A4 based page layout
))
(/usr/share/texlive/texmf-dist/tex/latex/stmaryrd/stmaryrd.sty
Package: stmaryrd 1994/03/03 St Mary's Road symbol package
\symstmry=\mathgroup4
LaTeX Font Info:    Overwriting symbol font `stmry' in version `bold'
(Font)                  U/stmry/m/n --> U/stmry/b/n on input line 89.
)
(/usr/share/texlive/texmf-dist/tex/latex/amsmath/amsmath.sty
Package: amsmath 2013/01/14 v2.14 AMS math features
\@mathmargin=\skip43

For additional information on amsmath, use the `?' option.
(/usr/share/texlive/texmf-dist/tex/latex/amsmath/amstext.sty
Package: amstext 2000/06/29 v2.01

(/usr/share/texlive/texmf-dist/tex/latex/amsmath/amsgen.sty
File: amsgen.sty 1999/11/30 v2.0
\@emptytoks=\toks14
\ex@=\dimen103
))
(/usr/share/texlive/texmf-dist/tex/latex/amsmath/amsbsy.sty
Package: amsbsy 1999/11/29 v1.2d
\pmbraise@=\dimen104
)
(/usr/share/texlive/texmf-dist/tex/latex/amsmath/amsopn.sty
Package: amsopn 1999/12/14 v2.01 operator names
)
\inf@bad=\count87
LaTeX Info: Redefining \frac on input line 210.
\uproot@=\count88
\leftroot@=\count89
LaTeX Info: Redefining \overline on input line 306.
\classnum@=\count90
\DOTSCASE@=\count91
LaTeX Info: Redefining \ldots on input line 378.
LaTeX Info: Redefining \dots on input line 381.
LaTeX Info: Redefining \cdots on input line 466.
\Mathstrutbox@=\box26
\strutbox@=\box27
\big@size=\dimen105
LaTeX Font Info:    Redeclaring font encoding OML on input line 566.
LaTeX Font Info:    Redeclaring font encoding OMS on input line 567.
\macc@depth=\count92
\c@MaxMatrixCols=\count93
\dotsspace@=\muskip10
\c@parentequation=\count94
\dspbrk@lvl=\count95
\tag@help=\toks15
\row@=\count96
\column@=\count97
\maxfields@=\count98
\andhelp@=\toks16
\eqnshift@=\dimen106
\alignsep@=\dimen107
\tagshift@=\dimen108
\tagwidth@=\dimen109
\totwidth@=\dimen110
\lineht@=\dimen111
\@envbody=\toks17
\multlinegap=\skip44
\multlinetaggap=\skip45
\mathdisplay@stack=\toks18
LaTeX Info: Redefining \[ on input line 2665.
LaTeX Info: Redefining \] on input line 2666.
)
(/usr/share/texlive/texmf-dist/tex/latex/amsfonts/amssymb.sty
Package: amssymb 2013/01/14 v3.01 AMS font symbols

(/usr/share/texlive/texmf-dist/tex/latex/amsfonts/amsfonts.sty
Package: amsfonts 2013/01/14 v3.01 Basic AMSFonts support
\symAMSa=\mathgroup5
\symAMSb=\mathgroup6
LaTeX Font Info:    Overwriting math alphabet `\mathfrak' in version `bold'
(Font)                  U/euf/m/n --> U/euf/b/n on input line 106.
)
LaTeX Font Info:    Redeclaring math symbol \boxdot on input line 44.
)
(/usr/share/texlive/texmf-dist/tex/generic/german/ngerman.sty v2.5e 1998-07-08
Package: ngerman 1998/07/08 v2.5e Support for writing german texts (br)
\grmnU@D=\dimen112
ngerman -- \language number for naustrian undefined, default 44 used.
) (/usr/share/texlive/texmf-dist/tex/latex/bussproofs/bussproofs.sty
Proof Tree (bussproofs) style macros. Version 1.1.
\theLevel=\count99
\myMaxLevel=\count100
\myBoxA=\box28
\myBoxB=\box29
\myBoxC=\box30
\myBoxD=\box31
\myBoxLL=\box32
\myBoxRL=\box33
\thisAboveSkip=\dimen113
\thisBelowSkip=\dimen114
\newScoreStart=\dimen115
\newScoreEnd=\dimen116
\newCenter=\dimen117
\displace=\dimen118
\leftLowerAmt=\dimen119
\rightLowerAmt=\dimen120
\scoreHeight=\dimen121
\scoreDepth=\dimen122
\htLbox=\dimen123
\htRbox=\dimen124
\htRRbox=\dimen125
\htRRRbox=\dimen126
\htAbox=\dimen127
\htCbox=\dimen128
) (/usr/share/texlive/texmf-dist/tex/generic/xypic/xy.sty
(/usr/share/texlive/texmf-dist/tex/generic/xypic/xy.tex Bootstrap'ing:
catcodes, docmode, (/usr/share/texlive/texmf-dist/tex/generic/xypic/xyrecat.tex
) (/usr/share/texlive/texmf-dist/tex/generic/xypic/xyidioms.tex)

 Xy-pic version 3.8.9 <2013/10/06>
 Copyright (c) 1991-2013 by Kristoffer H. Rose <krisrose@tug.org> and others
 Xy-pic is free software: see the User's Guide for details.

Loading kernel: messages; fonts; allocations: state,
\X@c=\dimen129
\Y@c=\dimen130
\U@c=\dimen131
\D@c=\dimen132
\L@c=\dimen133
\R@c=\dimen134
\Edge@c=\toks19
\X@p=\dimen135
\Y@p=\dimen136
\U@p=\dimen137
\D@p=\dimen138
\L@p=\dimen139
\R@p=\dimen140
\Edge@p=\toks20
\X@origin=\dimen141
\Y@origin=\dimen142
\X@xbase=\dimen143
\Y@xbase=\dimen144
\X@ybase=\dimen145
\Y@ybase=\dimen146
\X@min=\dimen147
\Y@min=\dimen148
\X@max=\dimen149
\Y@max=\dimen150
\lastobjectbox@=\box34
\zerodotbox@=\box35
\almostz@=\dimen151
 direction,
\d@X=\dimen152
\d@Y=\dimen153
\K@=\count101
\KK@=\count102
\Direction=\count103
\K@dXdY=\dimen154
\K@dYdX=\dimen155
\xyread@=\read1
\xywrite@=\write3
\csp@=\count104
\quotPTK@=\dimen156

utility macros; pictures: \xy, positions,
\swaptoks@@=\toks21
\connectobjectbox@@=\box36
 objects,
\styletoks@=\toks22
 decorations;
kernel objects: directionals, circles, text; options; algorithms: directions,
edges, connections;  Xy-pic loaded)
(/usr/share/texlive/texmf-dist/tex/generic/oberdiek/ifpdf.sty
Package: ifpdf 2011/01/30 v2.3 Provides the ifpdf switch (HO)
Package ifpdf Info: pdfTeX in PDF mode is detected.
)
Package: xy 2013/10/06 Xy-pic version 3.8.9

(/usr/share/texlive/texmf-dist/tex/generic/xypic/xyall.tex
 Xy-pic option: All features v.3.8
(/usr/share/texlive/texmf-dist/tex/generic/xypic/xycurve.tex
 Xy-pic option: Curve and Spline extension v.3.12 curve,
\crv@cnt@=\count105
\crvpts@=\toks23
\splinebox@=\box37
\splineval@=\dimen157
\splinedepth@=\dimen158
\splinetol@=\dimen159
\splinelength@=\dimen160
 circles,
\L@=\dimen161
 loaded)
(/usr/share/texlive/texmf-dist/tex/generic/xypic/xyframe.tex
 Xy-pic option: Frame and Bracket extension v.3.14 loaded)
(/usr/share/texlive/texmf-dist/tex/generic/xypic/xycmtip.tex
 Xy-pic option: Computer Modern tip extension v.3.7
(/usr/share/texlive/texmf-dist/tex/generic/xypic/xytips.tex
 Xy-pic option: More Tips extension v.3.11 loaded) loaded)
(/usr/share/texlive/texmf-dist/tex/generic/xypic/xyline.tex
 Xy-pic option: Line styles extension v.3.10
\xylinethick@=\dimen162
 loaded)
(/usr/share/texlive/texmf-dist/tex/generic/xypic/xyrotate.tex
 Xy-pic option: Rotate and Scale extension v.3.8 loaded)
(/usr/share/texlive/texmf-dist/tex/generic/xypic/xycolor.tex
 Xy-pic option: Colour extension v.3.11 loaded)
(/usr/share/texlive/texmf-dist/tex/generic/xypic/xymatrix.tex
 Xy-pic option: Matrix feature v.3.14
\Row=\count106
\Col=\count107
\queue@=\toks24
\queue@@=\toks25
\qcount@=\count108
\qcount@@=\count109
\matrixsize@=\count110
 loaded)
(/usr/share/texlive/texmf-dist/tex/generic/xypic/xyarrow.tex
 Xy-pic option: Arrow and Path feature v.3.9 path, \ar, loaded)
(/usr/share/texlive/texmf-dist/tex/generic/xypic/xygraph.tex
 Xy-pic option: Graph feature v.3.11 loaded) loaded)
(/usr/share/texlive/texmf-dist/tex/generic/xypic/xypdf.tex
 Xy-pic option: PDF driver v.1.7 Xy-pic pdf driver: `color' extension support
(/usr/share/texlive/texmf-dist/tex/generic/xypic/xypdf-co.tex loaded)
Xy-pic pdf driver: `curve' extension support
(/usr/share/texlive/texmf-dist/tex/generic/xypic/xypdf-cu.tex loaded)
Xy-pic pdf driver: `frame' extension support
(/usr/share/texlive/texmf-dist/tex/generic/xypic/xypdf-fr.tex loaded)
Xy-pic pdf driver: `line' extension support
(/usr/share/texlive/texmf-dist/tex/generic/xypic/xypdf-li.tex loaded)
Xy-pic pdf driver: `rotate' extension support
(/usr/share/texlive/texmf-dist/tex/generic/xypic/xypdf-ro.tex loaded) loaded))
(/usr/share/texlive/texmf-dist/tex/latex/base/inputenc.sty
Package: inputenc 2008/03/30 v1.1d Input encoding file
\inpenc@prehook=\toks26
\inpenc@posthook=\toks27

(/usr/share/texlive/texmf-dist/tex/latex/base/utf8.def
File: utf8.def 2008/04/05 v1.1m UTF-8 support for inputenc
Now handling font encoding OML ...
... no UTF-8 mapping file for font encoding OML
Now handling font encoding T1 ...
... processing UTF-8 mapping file for font encoding T1

(/usr/share/texlive/texmf-dist/tex/latex/base/t1enc.dfu
File: t1enc.dfu 2008/04/05 v1.1m UTF-8 support for inputenc
   defining Unicode char U+00A1 (decimal 161)
   defining Unicode char U+00A3 (decimal 163)
   defining Unicode char U+00AB (decimal 171)
   defining Unicode char U+00BB (decimal 187)
   defining Unicode char U+00BF (decimal 191)
   defining Unicode char U+00C0 (decimal 192)
   defining Unicode char U+00C1 (decimal 193)
   defining Unicode char U+00C2 (decimal 194)
   defining Unicode char U+00C3 (decimal 195)
   defining Unicode char U+00C4 (decimal 196)
   defining Unicode char U+00C5 (decimal 197)
   defining Unicode char U+00C6 (decimal 198)
   defining Unicode char U+00C7 (decimal 199)
   defining Unicode char U+00C8 (decimal 200)
   defining Unicode char U+00C9 (decimal 201)
   defining Unicode char U+00CA (decimal 202)
   defining Unicode char U+00CB (decimal 203)
   defining Unicode char U+00CC (decimal 204)
   defining Unicode char U+00CD (decimal 205)
   defining Unicode char U+00CE (decimal 206)
   defining Unicode char U+00CF (decimal 207)
   defining Unicode char U+00D0 (decimal 208)
   defining Unicode char U+00D1 (decimal 209)
   defining Unicode char U+00D2 (decimal 210)
   defining Unicode char U+00D3 (decimal 211)
   defining Unicode char U+00D4 (decimal 212)
   defining Unicode char U+00D5 (decimal 213)
   defining Unicode char U+00D6 (decimal 214)
   defining Unicode char U+00D8 (decimal 216)
   defining Unicode char U+00D9 (decimal 217)
   defining Unicode char U+00DA (decimal 218)
   defining Unicode char U+00DB (decimal 219)
   defining Unicode char U+00DC (decimal 220)
   defining Unicode char U+00DD (decimal 221)
   defining Unicode char U+00DE (decimal 222)
   defining Unicode char U+00DF (decimal 223)
   defining Unicode char U+00E0 (decimal 224)
   defining Unicode char U+00E1 (decimal 225)
   defining Unicode char U+00E2 (decimal 226)
   defining Unicode char U+00E3 (decimal 227)
   defining Unicode char U+00E4 (decimal 228)
   defining Unicode char U+00E5 (decimal 229)
   defining Unicode char U+00E6 (decimal 230)
   defining Unicode char U+00E7 (decimal 231)
   defining Unicode char U+00E8 (decimal 232)
   defining Unicode char U+00E9 (decimal 233)
   defining Unicode char U+00EA (decimal 234)
   defining Unicode char U+00EB (decimal 235)
   defining Unicode char U+00EC (decimal 236)
   defining Unicode char U+00ED (decimal 237)
   defining Unicode char U+00EE (decimal 238)
   defining Unicode char U+00EF (decimal 239)
   defining Unicode char U+00F0 (decimal 240)
   defining Unicode char U+00F1 (decimal 241)
   defining Unicode char U+00F2 (decimal 242)
   defining Unicode char U+00F3 (decimal 243)
   defining Unicode char U+00F4 (decimal 244)
   defining Unicode char U+00F5 (decimal 245)
   defining Unicode char U+00F6 (decimal 246)
   defining Unicode char U+00F8 (decimal 248)
   defining Unicode char U+00F9 (decimal 249)
   defining Unicode char U+00FA (decimal 250)
   defining Unicode char U+00FB (decimal 251)
   defining Unicode char U+00FC (decimal 252)
   defining Unicode char U+00FD (decimal 253)
   defining Unicode char U+00FE (decimal 254)
   defining Unicode char U+00FF (decimal 255)
   defining Unicode char U+0102 (decimal 258)
   defining Unicode char U+0103 (decimal 259)
   defining Unicode char U+0104 (decimal 260)
   defining Unicode char U+0105 (decimal 261)
   defining Unicode char U+0106 (decimal 262)
   defining Unicode char U+0107 (decimal 263)
   defining Unicode char U+010C (decimal 268)
   defining Unicode char U+010D (decimal 269)
   defining Unicode char U+010E (decimal 270)
   defining Unicode char U+010F (decimal 271)
   defining Unicode char U+0110 (decimal 272)
   defining Unicode char U+0111 (decimal 273)
   defining Unicode char U+0118 (decimal 280)
   defining Unicode char U+0119 (decimal 281)
   defining Unicode char U+011A (decimal 282)
   defining Unicode char U+011B (decimal 283)
   defining Unicode char U+011E (decimal 286)
   defining Unicode char U+011F (decimal 287)
   defining Unicode char U+0130 (decimal 304)
   defining Unicode char U+0131 (decimal 305)
   defining Unicode char U+0132 (decimal 306)
   defining Unicode char U+0133 (decimal 307)
   defining Unicode char U+0139 (decimal 313)
   defining Unicode char U+013A (decimal 314)
   defining Unicode char U+013D (decimal 317)
   defining Unicode char U+013E (decimal 318)
   defining Unicode char U+0141 (decimal 321)
   defining Unicode char U+0142 (decimal 322)
   defining Unicode char U+0143 (decimal 323)
   defining Unicode char U+0144 (decimal 324)
   defining Unicode char U+0147 (decimal 327)
   defining Unicode char U+0148 (decimal 328)
   defining Unicode char U+014A (decimal 330)
   defining Unicode char U+014B (decimal 331)
   defining Unicode char U+0150 (decimal 336)
   defining Unicode char U+0151 (decimal 337)
   defining Unicode char U+0152 (decimal 338)
   defining Unicode char U+0153 (decimal 339)
   defining Unicode char U+0154 (decimal 340)
   defining Unicode char U+0155 (decimal 341)
   defining Unicode char U+0158 (decimal 344)
   defining Unicode char U+0159 (decimal 345)
   defining Unicode char U+015A (decimal 346)
   defining Unicode char U+015B (decimal 347)
   defining Unicode char U+015E (decimal 350)
   defining Unicode char U+015F (decimal 351)
   defining Unicode char U+0160 (decimal 352)
   defining Unicode char U+0161 (decimal 353)
   defining Unicode char U+0162 (decimal 354)
   defining Unicode char U+0163 (decimal 355)
   defining Unicode char U+0164 (decimal 356)
   defining Unicode char U+0165 (decimal 357)
   defining Unicode char U+016E (decimal 366)
   defining Unicode char U+016F (decimal 367)
   defining Unicode char U+0170 (decimal 368)
   defining Unicode char U+0171 (decimal 369)
   defining Unicode char U+0178 (decimal 376)
   defining Unicode char U+0179 (decimal 377)
   defining Unicode char U+017A (decimal 378)
   defining Unicode char U+017B (decimal 379)
   defining Unicode char U+017C (decimal 380)
   defining Unicode char U+017D (decimal 381)
   defining Unicode char U+017E (decimal 382)
   defining Unicode char U+200C (decimal 8204)
   defining Unicode char U+2013 (decimal 8211)
   defining Unicode char U+2014 (decimal 8212)
   defining Unicode char U+2018 (decimal 8216)
   defining Unicode char U+2019 (decimal 8217)
   defining Unicode char U+201A (decimal 8218)
   defining Unicode char U+201C (decimal 8220)
   defining Unicode char U+201D (decimal 8221)
   defining Unicode char U+201E (decimal 8222)
   defining Unicode char U+2030 (decimal 8240)
   defining Unicode char U+2031 (decimal 8241)
   defining Unicode char U+2039 (decimal 8249)
   defining Unicode char U+203A (decimal 8250)
   defining Unicode char U+2423 (decimal 9251)
)
Now handling font encoding OT1 ...
... processing UTF-8 mapping file for font encoding OT1

(/usr/share/texlive/texmf-dist/tex/latex/base/ot1enc.dfu
File: ot1enc.dfu 2008/04/05 v1.1m UTF-8 support for inputenc
   defining Unicode char U+00A1 (decimal 161)
   defining Unicode char U+00A3 (decimal 163)
   defining Unicode char U+00B8 (decimal 184)
   defining Unicode char U+00BF (decimal 191)
   defining Unicode char U+00C5 (decimal 197)
   defining Unicode char U+00C6 (decimal 198)
   defining Unicode char U+00D8 (decimal 216)
   defining Unicode char U+00DF (decimal 223)
   defining Unicode char U+00E6 (decimal 230)
   defining Unicode char U+00EC (decimal 236)
   defining Unicode char U+00ED (decimal 237)
   defining Unicode char U+00EE (decimal 238)
   defining Unicode char U+00EF (decimal 239)
   defining Unicode char U+00F8 (decimal 248)
   defining Unicode char U+0131 (decimal 305)
   defining Unicode char U+0141 (decimal 321)
   defining Unicode char U+0142 (decimal 322)
   defining Unicode char U+0152 (decimal 338)
   defining Unicode char U+0153 (decimal 339)
   defining Unicode char U+2013 (decimal 8211)
   defining Unicode char U+2014 (decimal 8212)
   defining Unicode char U+2018 (decimal 8216)
   defining Unicode char U+2019 (decimal 8217)
   defining Unicode char U+201C (decimal 8220)
   defining Unicode char U+201D (decimal 8221)
)
Now handling font encoding OMS ...
... processing UTF-8 mapping file for font encoding OMS

(/usr/share/texlive/texmf-dist/tex/latex/base/omsenc.dfu
File: omsenc.dfu 2008/04/05 v1.1m UTF-8 support for inputenc
   defining Unicode char U+00A7 (decimal 167)
   defining Unicode char U+00B6 (decimal 182)
   defining Unicode char U+00B7 (decimal 183)
   defining Unicode char U+2020 (decimal 8224)
   defining Unicode char U+2021 (decimal 8225)
   defining Unicode char U+2022 (decimal 8226)
)
Now handling font encoding OMX ...
... no UTF-8 mapping file for font encoding OMX
Now handling font encoding U ...
... no UTF-8 mapping file for font encoding U
   defining Unicode char U+00A9 (decimal 169)
   defining Unicode char U+00AA (decimal 170)
   defining Unicode char U+00AE (decimal 174)
   defining Unicode char U+00BA (decimal 186)
   defining Unicode char U+02C6 (decimal 710)
   defining Unicode char U+02DC (decimal 732)
   defining Unicode char U+200C (decimal 8204)
   defining Unicode char U+2026 (decimal 8230)
   defining Unicode char U+2122 (decimal 8482)
   defining Unicode char U+2423 (decimal 9251)
))
(/usr/share/texlive/texmf-dist/tex/latex/graphics/graphicx.sty
Package: graphicx 1999/02/16 v1.0f Enhanced LaTeX Graphics (DPC,SPQR)

(/usr/share/texlive/texmf-dist/tex/latex/graphics/keyval.sty
Package: keyval 1999/03/16 v1.13 key=value parser (DPC)
\KV@toks@=\toks28
)
(/usr/share/texlive/texmf-dist/tex/latex/graphics/graphics.sty
Package: graphics 2009/02/05 v1.0o Standard LaTeX Graphics (DPC,SPQR)

(/usr/share/texlive/texmf-dist/tex/latex/graphics/trig.sty
Package: trig 1999/03/16 v1.09 sin cos tan (DPC)
)
(/usr/share/texlive/texmf-dist/tex/latex/latexconfig/graphics.cfg
File: graphics.cfg 2010/04/23 v1.9 graphics configuration of TeX Live
)
Package graphics Info: Driver file: pdftex.def on input line 91.

(/usr/share/texlive/texmf-dist/tex/latex/pdftex-def/pdftex.def
File: pdftex.def 2011/05/27 v0.06d Graphics/color for pdfTeX

(/usr/share/texlive/texmf-dist/tex/generic/oberdiek/infwarerr.sty
Package: infwarerr 2010/04/08 v1.3 Providing info/warning/error messages (HO)
)
(/usr/share/texlive/texmf-dist/tex/generic/oberdiek/ltxcmds.sty
Package: ltxcmds 2011/11/09 v1.22 LaTeX kernel commands for general use (HO)
)
\Gread@gobject=\count111
))
\Gin@req@height=\dimen163
\Gin@req@width=\dimen164
)
(/usr/share/texlive/texmf-dist/tex/latex/base/alltt.sty
Package: alltt 1997/06/16 v2.0g defines alltt environment
)
(/usr/share/texlive/texmf-dist/tex/latex/upquote/upquote.sty
Package: upquote 2012/04/19 v1.3 upright-quote and grave-accent glyphs in verba
tim
)
(/usr/share/texlive/texmf-dist/tex/latex/tools/enumerate.sty
Package: enumerate 1999/03/05 v3.00 enumerate extensions (DPC)
\@enLab=\toks29
)
(/usr/share/texlive/texmf-dist/tex/latex/hyperref/hyperref.sty
Package: hyperref 2012/11/06 v6.83m Hypertext links for LaTeX

(/usr/share/texlive/texmf-dist/tex/generic/oberdiek/hobsub-hyperref.sty
Package: hobsub-hyperref 2012/05/28 v1.13 Bundle oberdiek, subset hyperref (HO)


(/usr/share/texlive/texmf-dist/tex/generic/oberdiek/hobsub-generic.sty
Package: hobsub-generic 2012/05/28 v1.13 Bundle oberdiek, subset generic (HO)
Package: hobsub 2012/05/28 v1.13 Construct package bundles (HO)
Package hobsub Info: Skipping package `infwarerr' (already loaded).
Package hobsub Info: Skipping package `ltxcmds' (already loaded).
Package: ifluatex 2010/03/01 v1.3 Provides the ifluatex switch (HO)
Package ifluatex Info: LuaTeX not detected.
Package: ifvtex 2010/03/01 v1.5 Detect VTeX and its facilities (HO)
Package ifvtex Info: VTeX not detected.
Package: intcalc 2007/09/27 v1.1 Expandable calculations with integers (HO)
Package hobsub Info: Skipping package `ifpdf' (already loaded).
Package: etexcmds 2011/02/16 v1.5 Avoid name clashes with e-TeX commands (HO)
Package etexcmds Info: Could not find \expanded.
(etexcmds)             That can mean that you are not using pdfTeX 1.50 or
(etexcmds)             that some package has redefined \expanded.
(etexcmds)             In the latter case, load this package earlier.
Package: kvsetkeys 2012/04/25 v1.16 Key value parser (HO)
Package: kvdefinekeys 2011/04/07 v1.3 Define keys (HO)
Package: pdftexcmds 2011/11/29 v0.20 Utility functions of pdfTeX for LuaTeX (HO
)
Package pdftexcmds Info: LuaTeX not detected.
Package pdftexcmds Info: \pdf@primitive is available.
Package pdftexcmds Info: \pdf@ifprimitive is available.
Package pdftexcmds Info: \pdfdraftmode found.
Package: pdfescape 2011/11/25 v1.13 Implements pdfTeX's escape features (HO)
Package: bigintcalc 2012/04/08 v1.3 Expandable calculations on big integers (HO
)
Package: bitset 2011/01/30 v1.1 Handle bit-vector datatype (HO)
Package: uniquecounter 2011/01/30 v1.2 Provide unlimited unique counter (HO)
)
Package hobsub Info: Skipping package `hobsub' (already loaded).
Package: letltxmacro 2010/09/02 v1.4 Let assignment for LaTeX macros (HO)
Package: hopatch 2012/05/28 v1.2 Wrapper for package hooks (HO)
Package: xcolor-patch 2011/01/30 xcolor patch
Package: atveryend 2011/06/30 v1.8 Hooks at the very end of document (HO)
Package atveryend Info: \enddocument detected (standard20110627).
Package: atbegshi 2011/10/05 v1.16 At begin shipout hook (HO)
Package: refcount 2011/10/16 v3.4 Data extraction from label references (HO)
Package: hycolor 2011/01/30 v1.7 Color options for hyperref/bookmark (HO)
)
(/usr/share/texlive/texmf-dist/tex/generic/ifxetex/ifxetex.sty
Package: ifxetex 2010/09/12 v0.6 Provides ifxetex conditional
)
(/usr/share/texlive/texmf-dist/tex/latex/oberdiek/auxhook.sty
Package: auxhook 2011/03/04 v1.3 Hooks for auxiliary files (HO)
)
(/usr/share/texlive/texmf-dist/tex/latex/oberdiek/kvoptions.sty
Package: kvoptions 2011/06/30 v3.11 Key value format for package options (HO)
)
\@linkdim=\dimen165
\Hy@linkcounter=\count112
\Hy@pagecounter=\count113

(/usr/share/texlive/texmf-dist/tex/latex/hyperref/pd1enc.def
File: pd1enc.def 2012/11/06 v6.83m Hyperref: PDFDocEncoding definition (HO)
Now handling font encoding PD1 ...
... no UTF-8 mapping file for font encoding PD1
)
\Hy@SavedSpaceFactor=\count114

(/usr/share/texlive/texmf-dist/tex/latex/latexconfig/hyperref.cfg
File: hyperref.cfg 2002/06/06 v1.2 hyperref configuration of TeXLive
)
Package hyperref Info: Hyper figures OFF on input line 4443.
Package hyperref Info: Link nesting OFF on input line 4448.
Package hyperref Info: Hyper index ON on input line 4451.
Package hyperref Info: Plain pages OFF on input line 4458.
Package hyperref Info: Backreferencing OFF on input line 4463.
Package hyperref Info: Implicit mode ON; LaTeX internals redefined.
Package hyperref Info: Bookmarks ON on input line 4688.
\c@Hy@tempcnt=\count115

(/usr/share/texlive/texmf-dist/tex/latex/url/url.sty
\Urlmuskip=\muskip11
Package: url 2013/09/16  ver 3.4  Verb mode for urls, etc.
)
LaTeX Info: Redefining \url on input line 5041.
\XeTeXLinkMargin=\dimen166
\Fld@menulength=\count116
\Field@Width=\dimen167
\Fld@charsize=\dimen168
Package hyperref Info: Hyper figures OFF on input line 6295.
Package hyperref Info: Link nesting OFF on input line 6300.
Package hyperref Info: Hyper index ON on input line 6303.
Package hyperref Info: backreferencing OFF on input line 6310.
Package hyperref Info: Link coloring OFF on input line 6315.
Package hyperref Info: Link coloring with OCG OFF on input line 6320.
Package hyperref Info: PDF/A mode OFF on input line 6325.
LaTeX Info: Redefining \ref on input line 6365.
LaTeX Info: Redefining \pageref on input line 6369.
\Hy@abspage=\count117
\c@Item=\count118
\c@Hfootnote=\count119
)

Package hyperref Message: Driver (autodetected): hpdftex.

(/usr/share/texlive/texmf-dist/tex/latex/hyperref/hpdftex.def
File: hpdftex.def 2012/11/06 v6.83m Hyperref driver for pdfTeX
\Fld@listcount=\count120
\c@bookmark@seq@number=\count121

(/usr/share/texlive/texmf-dist/tex/latex/oberdiek/rerunfilecheck.sty
Package: rerunfilecheck 2011/04/15 v1.7 Rerun checks for auxiliary files (HO)
Package uniquecounter Info: New unique counter `rerunfilecheck' on input line 2
82.
)
\Hy@SectionHShift=\skip46
)

! LaTeX Error: File `../common.sty' not found.

Type X to quit or <RETURN> to proceed,
or enter new name. (Default extension: sty)

Enter file name: blub

! LaTeX Error: File `blub.sty' not found.

Type X to quit or <RETURN> to proceed,
or enter new name. (Default extension: sty)

Enter file name: 

! LaTeX Error: File `../mymath.sty' not found.

Type X to quit or <RETURN> to proceed,
or enter new name. (Default extension: sty)

Enter file name: 

! LaTeX Error: File `../mylogik.sty' not found.

Type X to quit or <RETURN> to proceed,
or enter new name. (Default extension: sty)

Enter file name: 
No file ProMo_Bewertung01.aux.
\openout1 = `ProMo_Bewertung01.aux'.

LaTeX Font Info:    Checking defaults for OML/cmm/m/it on input line 31.
LaTeX Font Info:    ... okay on input line 31.
LaTeX Font Info:    Checking defaults for T1/cmr/m/n on input line 31.
LaTeX Font Info:    ... okay on input line 31.
LaTeX Font Info:    Checking defaults for OT1/cmr/m/n on input line 31.
LaTeX Font Info:    ... okay on input line 31.
LaTeX Font Info:    Checking defaults for OMS/cmsy/m/n on input line 31.
LaTeX Font Info:    ... okay on input line 31.
LaTeX Font Info:    Checking defaults for OMX/cmex/m/n on input line 31.
LaTeX Font Info:    ... okay on input line 31.
LaTeX Font Info:    Checking defaults for U/cmr/m/n on input line 31.
LaTeX Font Info:    ... okay on input line 31.
LaTeX Font Info:    Checking defaults for PD1/pdf/m/n on input line 31.
LaTeX Font Info:    ... okay on input line 31.
LaTeX Font Info:    Try loading font information for U+stmry on input line 31.
(/usr/share/texlive/texmf-dist/tex/latex/stmaryrd/Ustmry.fd)
LaTeX Font Info:    Try loading font information for U+msa on input line 31.

(/usr/share/texlive/texmf-dist/tex/latex/amsfonts/umsa.fd
File: umsa.fd 2013/01/14 v3.01 AMS symbols A
)
LaTeX Font Info:    Try loading font information for U+msb on input line 31.

(/usr/share/texlive/texmf-dist/tex/latex/amsfonts/umsb.fd
File: umsb.fd 2013/01/14 v3.01 AMS symbols B
)
Package xypdf Info: Line width: 0.43799pt on input line 31.

(/usr/share/texlive/texmf-dist/tex/context/base/supp-pdf.mkii
[Loading MPS to PDF converter (version 2006.09.02).]
\scratchcounter=\count122
\scratchdimen=\dimen169
\scratchbox=\box38
\nofMPsegments=\count123
\nofMParguments=\count124
\everyMPshowfont=\toks30
\MPscratchCnt=\count125
\MPscratchDim=\dimen170
\MPnumerator=\count126
\makeMPintoPDFobject=\count127
\everyMPtoPDFconversion=\toks31
) (/usr/share/texlive/texmf-dist/tex/latex/oberdiek/epstopdf-base.sty
Package: epstopdf-base 2010/02/09 v2.5 Base part for package epstopdf

(/usr/share/texlive/texmf-dist/tex/latex/oberdiek/grfext.sty
Package: grfext 2010/08/19 v1.1 Manage graphics extensions (HO)
)
Package grfext Info: Graphics extension search list:
(grfext)             [.png,.pdf,.jpg,.mps,.jpeg,.jbig2,.jb2,.PNG,.PDF,.JPG,.JPE
G,.JBIG2,.JB2,.eps]
(grfext)             \AppendGraphicsExtensions on input line 452.

(/usr/share/texlive/texmf-dist/tex/latex/latexconfig/epstopdf-sys.cfg
File: epstopdf-sys.cfg 2010/07/13 v1.3 Configuration of (r)epstopdf for TeX Liv
e
))
\AtBeginShipoutBox=\box39
Package hyperref Info: Link coloring OFF on input line 31.

(/usr/share/texlive/texmf-dist/tex/latex/hyperref/nameref.sty
Package: nameref 2012/10/27 v2.43 Cross-referencing by name of section

(/usr/share/texlive/texmf-dist/tex/generic/oberdiek/gettitlestring.sty
Package: gettitlestring 2010/12/03 v1.4 Cleanup title references (HO)
)
\c@section@level=\count128
)
LaTeX Info: Redefining \ref on input line 31.
LaTeX Info: Redefining \pageref on input line 31.
LaTeX Info: Redefining \nameref on input line 31.
\@outlinefile=\write4
\openout4 = `ProMo_Bewertung01.out'.


! Undefined control sequence.
l.32 \uheader
             {1}{21. April 2015}
? 

! LaTeX Error: Environment aufgabe undefined.

See the LaTeX manual or LaTeX Companion for explanation.
Type  H <return>  for immediate help.
 ...                                              
                                                  
l.35 \begin{aufgabe}
                    {Kartesisches Produkt}\label{kartesischesProdukt}
? 
! Undefined control sequence.
l.45       \Loesung
                   {$\bigl\{(11,\clubsuit),(11,\heartsuit),(7,\clubsuit),(7,...

? 
! Undefined control sequence.
l.51     \Loesung
                 {$\bigl\{(1,3,5),(1,3,6),(1,4,5),(1,4,6),(2,3,5),(2,3,6),(2...

? 

Overfull \hbox (17.24611pt too wide) in paragraph at lines 50--52
[]$\OT1/cmr/m/n/10.95 (\OMS/cmsy/m/n/10.95 f\OT1/cmr/m/n/10.95 1\OML/cmm/m/it/1
0.95 ; \OT1/cmr/m/n/10.95 2\OMS/cmsy/m/n/10.95 g ^^B f\OT1/cmr/m/n/10.95 3\OML/
cmm/m/it/10.95 ; \OT1/cmr/m/n/10.95 4\OMS/cmsy/m/n/10.95 g\OT1/cmr/m/n/10.95 ) 
\OMS/cmsy/m/n/10.95 ^^B f\OT1/cmr/m/n/10.95 5\OML/cmm/m/it/10.95 ; \OT1/cmr/m/n
/10.95 6\OMS/cmsy/m/n/10.95 g$ $[]\OT1/cmr/m/n/10.95 (1\OML/cmm/m/it/10.95 ; \O
T1/cmr/m/n/10.95 3\OML/cmm/m/it/10.95 ; \OT1/cmr/m/n/10.95 5)\OML/cmm/m/it/10.9
5 ; \OT1/cmr/m/n/10.95 (1\OML/cmm/m/it/10.95 ; \OT1/cmr/m/n/10.95 3\OML/cmm/m/i
t/10.95 ; \OT1/cmr/m/n/10.95 6)\OML/cmm/m/it/10.95 ; \OT1/cmr/m/n/10.95 (1\OML/
cmm/m/it/10.95 ; \OT1/cmr/m/n/10.95 4\OML/cmm/m/it/10.95 ; \OT1/cmr/m/n/10.95 5
)\OML/cmm/m/it/10.95 ; \OT1/cmr/m/n/10.95 (1\OML/cmm/m/it/10.95 ; \OT1/cmr/m/n/
10.95 4\OML/cmm/m/it/10.95 ; \OT1/cmr/m/n/10.95 6)\OML/cmm/m/it/10.95 ; \OT1/cm
r/m/n/10.95 (2\OML/cmm/m/it/10.95 ; \OT1/cmr/m/n/10.95 3\OML/cmm/m/it/10.95 ; \
OT1/cmr/m/n/10.95 5)\OML/cmm/m/it/10.95 ; \OT1/cmr/m/n/10.95 (2\OML/cmm/m/it/10
.95 ; \OT1/cmr/m/n/10.95 3\OML/cmm/m/it/10.95 ; \OT1/cmr/m/n/10.95 6)\OML/cmm/m
/it/10.95 ; \OT1/cmr/m/n/10.95 (2\OML/cmm/m/it/10.95 ; \OT1/cmr/m/n/10.95 4\OML
/cmm/m/it/10.95 ; \OT1/cmr/m/n/10.95 5)\OML/cmm/m/it/10.95 ; \OT1/cmr/m/n/10.95
 (2\OML/cmm/m/it/10.95 ; \OT1/cmr/m/n/10.95 4\OML/cmm/m/it/10.95 ; \OT1/cmr/m/n
/10.95 6)[]$ 
 []


! LaTeX Error: Environment loesung undefined.

See the LaTeX manual or LaTeX Companion for explanation.
Type  H <return>  for immediate help.
 ...                                              
                                                  
l.54     \begin{loesung}
                        
? 

! LaTeX Error: \begin{enumerate} on input line 43 ended by \end{loesung}.

See the LaTeX manual or LaTeX Companion for explanation.
Type  H <return>  for immediate help.
 ...                                              
                                                  
l.62     \end{loesung}
                      
? 
! Undefined control sequence.
l.65     \Loesung
                 {Das Produkt ist hier die leere Menge.}
? 
! Undefined control sequence.
l.68     \Loesung
                 {Doppelt so viele, da jedes Element aus $A$ zwei Mal im Pro...

? 

! LaTeX Error: \begin{document} ended by \end{aufgabe}.

See the LaTeX manual or LaTeX Companion for explanation.
Type  H <return>  for immediate help.
 ...                                              
                                                  
l.71 \end{aufgabe}
                  
? 

! LaTeX Error: Environment aufgabe undefined.

See the LaTeX manual or LaTeX Companion for explanation.
Type  H <return>  for immediate help.
 ...                                              
                                                  
l.135 \begin{aufgabe}
                     {Auswertung}\label{Auswerten}%
? 

! LaTeX Error: Environment loesung undefined.

See the LaTeX manual or LaTeX Companion for explanation.
Type  H <return>  for immediate help.
 ...                                              
                                                  
l.146       \begin{loesung}
                           
? 

! LaTeX Error: \begin{enumerate} on input line 140 ended by \end{loesung}.

See the LaTeX manual or LaTeX Companion for explanation.
Type  H <return>  for immediate help.
 ...                                              
                                                  
l.148       \end{loesung}
                         
? 

! LaTeX Error: Environment loesung undefined.

See the LaTeX manual or LaTeX Companion for explanation.
Type  H <return>  for immediate help.
 ...                                              
                                                  
l.150       \begin{loesung}
                           
? 

! LaTeX Error: \begin{enumerate} on input line 140 ended by \end{loesung}.

See the LaTeX manual or LaTeX Companion for explanation.
Type  H <return>  for immediate help.
 ...                                              
                                                  
l.152       \end{loesung}
                         
? 

! LaTeX Error: Environment loesung undefined.

See the LaTeX manual or LaTeX Companion for explanation.
Type  H <return>  for immediate help.
 ...                                              
                                                  
l.154       \begin{loesung}
                           
? 

! LaTeX Error: \begin{enumerate} on input line 140 ended by \end{loesung}.

See the LaTeX manual or LaTeX Companion for explanation.
Type  H <return>  for immediate help.
 ...                                              
                                                  
l.156       \end{loesung}
                         
? 

! LaTeX Error: Environment loesung undefined.

See the LaTeX manual or LaTeX Companion for explanation.
Type  H <return>  for immediate help.
 ...                                              
                                                  
l.160       \begin{loesung}
                           
? 

! LaTeX Error: \begin{enumerate} on input line 140 ended by \end{loesung}.

See the LaTeX manual or LaTeX Companion for explanation.
Type  H <return>  for immediate help.
 ...                                              
                                                  
l.162       \end{loesung}
                         
? 

! LaTeX Error: Environment loesung undefined.

See the LaTeX manual or LaTeX Companion for explanation.
Type  H <return>  for immediate help.
 ...                                              
                                                  
l.164       \begin{loesung}
                           
? 

! LaTeX Error: \begin{enumerate} on input line 140 ended by \end{loesung}.

See the LaTeX manual or LaTeX Companion for explanation.
Type  H <return>  for immediate help.
 ...                                              
                                                  
l.168       \end{loesung}
                         
? 

Overfull \hbox (15.20775pt too wide) in paragraph at lines 163--173
[][]\OT1/cmtt/m/n/10.95 [(a,b) | a<-[1..5], b<-[5..1], a/=b]  [][] \OT1/cmr/m/i
t/10.95 Zur Er-in-ne-rung: \OT1/cmr/m/n/10.95 Wenn man her-un-terz[]ahlen
 []


! LaTeX Error: Environment loesung undefined.

See the LaTeX manual or LaTeX Companion for explanation.
Type  H <return>  for immediate help.
 ...                                              
                                                  
l.174       \begin{loesung}
                           
? 

! LaTeX Error: \begin{enumerate} on input line 140 ended by \end{loesung}.

See the LaTeX manual or LaTeX Companion for explanation.
Type  H <return>  for immediate help.
 ...                                              
                                                  
l.178       \end{loesung}
                         
? 

! LaTeX Error: \begin{document} ended by \end{aufgabe}.

See the LaTeX manual or LaTeX Companion for explanation.
Type  H <return>  for immediate help.
 ...                                              
                                                  
l.180 \end{aufgabe}
                   
? 

! LaTeX Error: Environment aufgabe undefined.

See the LaTeX manual or LaTeX Companion for explanation.
Type  H <return>  for immediate help.
 ...                                              
                                                  
l.183 \begin{aufgabe}
                     {Substitutionsmodell}\label{Substitutionsmodell1}
? 
! Undefined control sequence.
l.187     $$\Bigl(\bigl(\lam
                             x \arr (\lam (y:\_) \arr x-y)\bigr)\ (3+4)\Bigr...

? 
! Undefined control sequence.
l.187     $$\Bigl(\bigl(\lam x \arr
                                    (\lam (y:\_) \arr x-y)\bigr)\ (3+4)\Bigr...

? 
! Undefined control sequence.
l.187     $$\Bigl(\bigl(\lam x \arr (\lam
                                          (y:\_) \arr x-y)\bigr)\ (3+4)\Bigr...

? 
! Undefined control sequence.
l.187 ...\Bigl(\bigl(\lam x \arr (\lam (y:\_) \arr
                                                   x-y)\bigr)\ (3+4)\Bigr)\ ...

? 
! Undefined control sequence.
l.187 ...y:\_) \arr x-y)\bigr)\ (3+4)\Bigr)\ (\fkt
                                                  {tail}\ [1,2])$$
? 

! LaTeX Error: Environment loesung undefined.

See the LaTeX manual or LaTeX Companion for explanation.
Type  H <return>  for immediate help.
 ...                                              
                                                  
l.189 \begin{loesung}
                     
? 
! Undefined control sequence.
l.193   die Definition von \fkt
                               {tail} aus Foliensatz~2 (oder auch aus der St...

? 
! Undefined control sequence.
<recently read> \fkt 
                     
l.194   in Erinnerung: $\fkt
                            (tail)\ (\_:t) = t$.
? 
! Undefined control sequence.
<recently read> \fkt 
                     
l.197   von $\fkt
                 {tail}$ und der anonymen Funktion abläuft,
? 
[1

{/var/lib/texmf/fonts/map/pdftex/updmap/pdftex.map}]
! Undefined control sequence.
<argument>  & (\lam 
                    x \arr (\lam (y:\_) \arr x-y))\ \underline {(3+4)}\ (\fk...
l.207  \end{align*}
                   
? 
! Undefined control sequence.
<argument>  & (\lam x \arr 
                           (\lam (y:\_) \arr x-y))\ \underline {(3+4)}\ (\fk...
l.207  \end{align*}
                   
? 
! Undefined control sequence.
<argument>  & (\lam x \arr (\lam 
                                 (y:\_) \arr x-y))\ \underline {(3+4)}\ (\fk...
l.207  \end{align*}
                   
? 
! Undefined control sequence.
<argument>  & (\lam x \arr (\lam (y:\_) \arr 
                                             x-y))\ \underline {(3+4)}\ (\fk...
l.207  \end{align*}
                   
? 
! Undefined control sequence.
<argument> ...rr x-y))\ \underline {(3+4)}\ (\fkt 
                                                  {tail}\ (1:(2:[\,]))) \\\l...
l.207  \end{align*}
                   
? 
! Undefined control sequence.
<argument> ... (1:(2:[\,]))) \\\leadsto ~ & (\lam 
                                                  x \arr (\lam (y:\_) \arr x...
l.207  \end{align*}
                   
? 
! Undefined control sequence.
<argument> ...[\,]))) \\\leadsto ~ & (\lam x \arr 
                                                  (\lam (y:\_) \arr x-y))\ 7...
l.207  \end{align*}
                   
? 
! Undefined control sequence.
<argument> ...) \\\leadsto ~ & (\lam x \arr (\lam 
                                                  (y:\_) \arr x-y))\ 7\ \und...
l.207  \end{align*}
                   
? 
! Undefined control sequence.
<argument> ... ~ & (\lam x \arr (\lam (y:\_) \arr 
                                                  x-y))\ 7\ \underline {(\fk...
l.207  \end{align*}
                   
? 
! Undefined control sequence.
<argument> (\fkt 
                 {tail}\ (1:(2:[\,])))
l.207  \end{align*}
                   
? 
! Undefined control sequence.
<argument> ...(1:(2:[\,])))} \\\leadsto ~ & (\lam 
                                                  x \arr (\lam (y:\_) \arr x...
l.207  \end{align*}
                   
? 
! Undefined control sequence.
<argument> ...\,])))} \\\leadsto ~ & (\lam x \arr 
                                                  (\lam (y:\_) \arr x-y))\ 7...
l.207  \end{align*}
                   
? 
! Undefined control sequence.
<argument> ...} \\\leadsto ~ & (\lam x \arr (\lam 
                                                  (y:\_) \arr x-y))\ 7\ (2:[...
l.207  \end{align*}
                   
? 
! Undefined control sequence.
<argument> ... ~ & (\lam x \arr (\lam (y:\_) \arr 
                                                  x-y))\ 7\ (2:[\,]) \\\lead...
l.207  \end{align*}
                   
? 
! Undefined control sequence.
<argument> ...)\ 7\ (2:[\,]) \\\leadsto ~ & (\lam 
                                                  (y:\_) \arr 7-y))\ (2:[\,]...
l.207  \end{align*}
                   
? 
! Undefined control sequence.
<argument> ...]) \\\leadsto ~ & (\lam (y:\_) \arr 
                                                  7-y))\ (2:[\,]) \\\leadsto...
l.207  \end{align*}
                   
? 
! Undefined control sequence.
<argument>  & (\lam 
                    x \arr (\lam (y:\_) \arr x-y))\ \underline {(3+4)}\ (\fk...
l.207  \end{align*}
                   
? 
! Undefined control sequence.
<argument>  & (\lam x \arr 
                           (\lam (y:\_) \arr x-y))\ \underline {(3+4)}\ (\fk...
l.207  \end{align*}
                   
? 
! Undefined control sequence.
<argument>  & (\lam x \arr (\lam 
                                 (y:\_) \arr x-y))\ \underline {(3+4)}\ (\fk...
l.207  \end{align*}
                   
? 
! Undefined control sequence.
<argument>  & (\lam x \arr (\lam (y:\_) \arr 
                                             x-y))\ \underline {(3+4)}\ (\fk...
l.207  \end{align*}
                   
? 
! Undefined control sequence.
<argument> ...rr x-y))\ \underline {(3+4)}\ (\fkt 
                                                  {tail}\ (1:(2:[\,]))) \\\l...
l.207  \end{align*}
                   
? 
! Undefined control sequence.
<argument> ... (1:(2:[\,]))) \\\leadsto ~ & (\lam 
                                                  x \arr (\lam (y:\_) \arr x...
l.207  \end{align*}
                   
? 
! Undefined control sequence.
<argument> ...[\,]))) \\\leadsto ~ & (\lam x \arr 
                                                  (\lam (y:\_) \arr x-y))\ 7...
l.207  \end{align*}
                   
? 
! Undefined control sequence.
<argument> ...) \\\leadsto ~ & (\lam x \arr (\lam 
                                                  (y:\_) \arr x-y))\ 7\ \und...
l.207  \end{align*}
                   
? 
! Undefined control sequence.
<argument> ... ~ & (\lam x \arr (\lam (y:\_) \arr 
                                                  x-y))\ 7\ \underline {(\fk...
l.207  \end{align*}
                   
? 
! Undefined control sequence.
<argument> (\fkt 
                 {tail}\ (1:(2:[\,])))
l.207  \end{align*}
                   
? 
! Undefined control sequence.
<argument> ...(1:(2:[\,])))} \\\leadsto ~ & (\lam 
                                                  x \arr (\lam (y:\_) \arr x...
l.207  \end{align*}
                   
? 
! Undefined control sequence.
<argument> ...\,])))} \\\leadsto ~ & (\lam x \arr 
                                                  (\lam (y:\_) \arr x-y))\ 7...
l.207  \end{align*}
                   
? 
! Undefined control sequence.
<argument> ...} \\\leadsto ~ & (\lam x \arr (\lam 
                                                  (y:\_) \arr x-y))\ 7\ (2:[...
l.207  \end{align*}
                   
? 
! Undefined control sequence.
<argument> ... ~ & (\lam x \arr (\lam (y:\_) \arr 
                                                  x-y))\ 7\ (2:[\,]) \\\lead...
l.207  \end{align*}
                   
? 
! Undefined control sequence.
<argument> ...)\ 7\ (2:[\,]) \\\leadsto ~ & (\lam 
                                                  (y:\_) \arr 7-y))\ (2:[\,]...
l.207  \end{align*}
                   
? 
! Undefined control sequence.
<argument> ...]) \\\leadsto ~ & (\lam (y:\_) \arr 
                                                  7-y))\ (2:[\,]) \\\leadsto...
l.207  \end{align*}
                   
? 

! LaTeX Error: \begin{document} ended by \end{loesung}.

See the LaTeX manual or LaTeX Companion for explanation.
Type  H <return>  for immediate help.
 ...                                              
                                                  
l.208 \end{loesung}
                   
? 

! LaTeX Error: \begin{document} ended by \end{aufgabe}.

See the LaTeX manual or LaTeX Companion for explanation.
Type  H <return>  for immediate help.
 ...                                              
                                                  
l.213 \end{aufgabe}
                   
? 

! LaTeX Error: Environment aufgabe undefined.

See the LaTeX manual or LaTeX Companion for explanation.
Type  H <return>  for immediate help.
 ...                                              
                                                  
l.216 \begin{aufgabe}
                     {Pattern-Matching}\label{Pattern-Matching}%
? 

Underfull \hbox (badness 10000) in paragraph at lines 216--224
[]\OT1/cmr/m/n/10.95 Pattern-Matching[]Schreiben Sie ei-ne Funk-ti-on []\OT1/cm
tt/m/n/10.95 myAnd\OT1/cmr/m/n/10.95 ,[][][] wel-che den Typ
 []


! LaTeX Error: Environment loesung undefined.

See the LaTeX manual or LaTeX Companion for explanation.
Type  H <return>  for immediate help.
 ...                                              
                                                  
l.230   \begin{loesung}
                       
? 
[2]pdfTeX warning (ext4): destination with the same identifier (name{Hfootnote.
1}) has been already used, duplicate ignored
<to be read again> 
                   \relax 
l.281   \footnotetext{Test}
                           

! LaTeX Error: \begin{document} ended by \end{loesung}.

See the LaTeX manual or LaTeX Companion for explanation.
Type  H <return>  for immediate help.
 ...                                              
                                                  
l.282   \end{loesung}
                     
? 

! LaTeX Error: \begin{document} ended by \end{aufgabe}.

See the LaTeX manual or LaTeX Companion for explanation.
Type  H <return>  for immediate help.
 ...                                              
                                                  
l.283 \end{aufgabe}
                   
? 
! Undefined control sequence.
l.286 \pbreak
             {3}{3}
? 

! LaTeX Error: Environment hausaufgabe undefined.

See the LaTeX manual or LaTeX Companion for explanation.
Type  H <return>  for immediate help.
 ...                                              
                                                  
l.289 \begin{hausaufgabe}
                         [keine]{Typen}{0}\label{Typen}%
? 

! LaTeX Error: Environment loesung undefined.

See the LaTeX manual or LaTeX Companion for explanation.
Type  H <return>  for immediate help.
 ...                                              
                                                  
l.293     \begin{loesung}
                         
? 

! LaTeX Error: \begin{enumerate} on input line 291 ended by \end{loesung}.

See the LaTeX manual or LaTeX Companion for explanation.
Type  H <return>  for immediate help.
 ...                                              
                                                  
l.295     \end{loesung}
                       
? 

! LaTeX Error: Environment loesung undefined.

See the LaTeX manual or LaTeX Companion for explanation.
Type  H <return>  for immediate help.
 ...                                              
                                                  
l.297     \begin{loesung}
                         
? 

! LaTeX Error: \begin{enumerate} on input line 291 ended by \end{loesung}.

See the LaTeX manual or LaTeX Companion for explanation.
Type  H <return>  for immediate help.
 ...                                              
                                                  
l.299     \end{loesung}
                       
? 

! LaTeX Error: Environment loesung undefined.

See the LaTeX manual or LaTeX Companion for explanation.
Type  H <return>  for immediate help.
 ...                                              
                                                  
l.301     \begin{loesung}
                         
? 

! LaTeX Error: \begin{enumerate} on input line 291 ended by \end{loesung}.

See the LaTeX manual or LaTeX Companion for explanation.
Type  H <return>  for immediate help.
 ...                                              
                                                  
l.303     \end{loesung}
                       
? 

! LaTeX Error: Environment loesung undefined.

See the LaTeX manual or LaTeX Companion for explanation.
Type  H <return>  for immediate help.
 ...                                              
                                                  
l.305     \begin{loesung}
                         
? 

! LaTeX Error: \begin{enumerate} on input line 291 ended by \end{loesung}.

See the LaTeX manual or LaTeX Companion for explanation.
Type  H <return>  for immediate help.
 ...                                              
                                                  
l.307     \end{loesung}
                       
? 

! LaTeX Error: Environment loesung undefined.

See the LaTeX manual or LaTeX Companion for explanation.
Type  H <return>  for immediate help.
 ...                                              
                                                  
l.309     \begin{loesung}
                         
? 

! LaTeX Error: \begin{enumerate} on input line 291 ended by \end{loesung}.

See the LaTeX manual or LaTeX Companion for explanation.
Type  H <return>  for immediate help.
 ...                                              
                                                  
l.311     \end{loesung}
                       
? 

! LaTeX Error: Environment loesung undefined.

See the LaTeX manual or LaTeX Companion for explanation.
Type  H <return>  for immediate help.
 ...                                              
                                                  
l.317       \begin{loesung}
                           
? 

! LaTeX Error: \begin{enumerate} on input line 291 ended by \end{loesung}.

See the LaTeX manual or LaTeX Companion for explanation.
Type  H <return>  for immediate help.
 ...                                              
                                                  
l.319       \end{loesung}
                         
? 

Overfull \hbox (49.483pt too wide) in paragraph at lines 316--336
[][]\OT1/cmtt/m/n/10.95 [(\x y-> (x*2,y-1)) m n | m <- [1..5], even m, n <- [6.
.10]]  [][(Integer, Integer)] 
 []


LaTeX Warning: Reference `Auswerten' on page 3 undefined on input line 343.


! LaTeX Error: \begin{document} ended by \end{hausaufgabe}.

See the LaTeX manual or LaTeX Companion for explanation.
Type  H <return>  for immediate help.
 ...                                              
                                                  
l.344 \end{hausaufgabe}
                       
? 
! Undefined control sequence.
l.346 \pbreak
             {3}{3}
? 

! LaTeX Error: Environment hausaufgabe undefined.

See the LaTeX manual or LaTeX Companion for explanation.
Type  H <return>  for immediate help.
 ...                                              
                                                  
l.348 \begin{hausaufgabe}
                         [PDF]{Substitutionsmodell II}{3}\label{Substitution...

? 
! Undefined control sequence.
<recently read> \fkt 
                     
l.356   $\fkt
             {const}\ \fkt{const}\ (\fkt{negate}\ 1)\ (\fkt{negate}\ 2)\ 3$
? 
! Undefined control sequence.
l.356   $\fkt{const}\ \fkt
                          {const}\ (\fkt{negate}\ 1)\ (\fkt{negate}\ 2)\ 3$
? 
! Undefined control sequence.
l.356   $\fkt{const}\ \fkt{const}\ (\fkt
                                        {negate}\ 1)\ (\fkt{negate}\ 2)\ 3$
? 
! Undefined control sequence.
l.356 ...t}\ \fkt{const}\ (\fkt{negate}\ 1)\ (\fkt
                                                  {negate}\ 2)\ 3$
? 
! Undefined control sequence.
l.362         \Loesung
                      {
? 
! Undefined control sequence.
l.364         $$\Bigl(\bigl((\fkt
                                 {const}\ \fkt{const})\ (\fkt{negate}\ 1)\bi...

? 
! Undefined control sequence.
l.364         $$\Bigl(\bigl((\fkt{const}\ \fkt
                                              {const})\ (\fkt{negate}\ 1)\bi...

? 
! Undefined control sequence.
l.364 ...l(\bigl((\fkt{const}\ \fkt{const})\ (\fkt
                                                  {negate}\ 1)\bigr)\ (\fkt{...

? 
! Undefined control sequence.
l.364 ...t{const})\ (\fkt{negate}\ 1)\bigr)\ (\fkt
                                                  {negate}\ 2)\Bigr)\ 3$$  }
? 

! LaTeX Error: Environment loesung undefined.

See the LaTeX manual or LaTeX Companion for explanation.
Type  H <return>  for immediate help.
 ...                                              
                                                  
l.369       \begin{loesung}
                           
? 
! Undefined control sequence.
<argument> \fkt 
                {const}\ \fkt {const}\ (\fkt {negate}\ 1)
l.384           \end{align*}
                            
? 
! Undefined control sequence.
<argument> \fkt {const}\ \fkt 
                              {const}\ (\fkt {negate}\ 1)
l.384           \end{align*}
                            
? 
! Undefined control sequence.
<argument> \fkt {const}\ \fkt {const}\ (\fkt 
                                             {negate}\ 1)
l.384           \end{align*}
                            
? 
! Undefined control sequence.
<argument> ...{const}\ (\fkt {negate}\ 1)}\ (\fkt 
                                                  {negate}\ 2)\ 3 ~\leadsto ...
l.384           \end{align*}
                            
? 
! Undefined control sequence.
<argument> \fkt 
                {const}\ (\fkt {negate}\ 2)\ 3
l.384           \end{align*}
                            
? 
! Undefined control sequence.
<argument> \fkt {const}\ (\fkt 
                               {negate}\ 2)\ 3
l.384           \end{align*}
                            
? 
! Undefined control sequence.
<argument> \fkt 
                {negate}\ 2
l.384           \end{align*}
                            
? 
! Undefined control sequence.
<argument> ... Reihenfolge wählen, z.B.:} & \fkt 
                                                  {const}\ \fkt {const}\ (\u...
l.384           \end{align*}
                            
? 
! Undefined control sequence.
<argument> ...ählen, z.B.:} & \fkt {const}\ \fkt 
                                                  {const}\ (\underline {\fkt...
l.384           \end{align*}
                            
? 
! Undefined control sequence.
<argument> \fkt 
                {negate}\ 1
l.384           \end{align*}
                            
? 
! Undefined control sequence.
<argument> ...nderline {\fkt {negate}\ 1})\ (\fkt 
                                                  {negate}\ 2)\ 3 ~\leadsto ...
l.384           \end{align*}
                            
? 
! Undefined control sequence.
<argument> ...kt {negate}\ 2)\ 3 ~\leadsto ~ \fkt 
                                                  {const}\ \fkt {const}\ (-1...
l.384           \end{align*}
                            
? 
! Undefined control sequence.
<argument> ...)\ 3 ~\leadsto ~ \fkt {const}\ \fkt 
                                                  {const}\ (-1)\ (\underline...
l.384           \end{align*}
                            
? 
! Undefined control sequence.
<argument> \fkt 
                {negate}\ 2
l.384           \end{align*}
                            
? 
! Undefined control sequence.
<argument> \fkt 
                {const}\ \fkt {const}\ (-1)
l.384           \end{align*}
                            
? 
! Undefined control sequence.
<argument> \fkt {const}\ \fkt 
                              {const}\ (-1)
l.384           \end{align*}
                            
? 
! Undefined control sequence.
<argument> \fkt 
                {const}\ (-2)\ 3
l.384           \end{align*}
                            
? 
! Undefined control sequence.
<argument> \fkt 
                {const}\ \fkt {const}\ (\fkt {negate}\ 1)
l.384           \end{align*}
                            
? 
! Undefined control sequence.
<argument> \fkt {const}\ \fkt 
                              {const}\ (\fkt {negate}\ 1)
l.384           \end{align*}
                            
? 
! Undefined control sequence.
<argument> \fkt {const}\ \fkt {const}\ (\fkt 
                                             {negate}\ 1)
l.384           \end{align*}
                            
? 
! Undefined control sequence.
<argument> ...{const}\ (\fkt {negate}\ 1)}\ (\fkt 
                                                  {negate}\ 2)\ 3 ~\leadsto ...
l.384           \end{align*}
                            
? 
! Undefined control sequence.
<argument> \fkt 
                {const}\ (\fkt {negate}\ 2)\ 3
l.384           \end{align*}
                            
? 
! Undefined control sequence.
<argument> \fkt {const}\ (\fkt 
                               {negate}\ 2)\ 3
l.384           \end{align*}
                            
? 
! Undefined control sequence.
<argument> \fkt 
                {negate}\ 2
l.384           \end{align*}
                            
? 
! Undefined control sequence.
<argument> ... Reihenfolge wählen, z.B.:} & \fkt 
                                                  {const}\ \fkt {const}\ (\u...
l.384           \end{align*}
                            
? 
! Undefined control sequence.
<argument> ...ählen, z.B.:} & \fkt {const}\ \fkt 
                                                  {const}\ (\underline {\fkt...
l.384           \end{align*}
                            
? 
! Undefined control sequence.
<argument> \fkt 
                {negate}\ 1
l.384           \end{align*}
                            
? 
! Undefined control sequence.
<argument> ...nderline {\fkt {negate}\ 1})\ (\fkt 
                                                  {negate}\ 2)\ 3 ~\leadsto ...
l.384           \end{align*}
                            
? 
! Undefined control sequence.
<argument> ...kt {negate}\ 2)\ 3 ~\leadsto ~ \fkt 
                                                  {const}\ \fkt {const}\ (-1...
l.384           \end{align*}
                            
? 
! Undefined control sequence.
<argument> ...)\ 3 ~\leadsto ~ \fkt {const}\ \fkt 
                                                  {const}\ (-1)\ (\underline...
l.384           \end{align*}
                            
? 
! Undefined control sequence.
<argument> \fkt 
                {negate}\ 2
l.384           \end{align*}
                            
? 
! Undefined control sequence.
<argument> \fkt 
                {const}\ \fkt {const}\ (-1)
l.384           \end{align*}
                            
? 
! Undefined control sequence.
<argument> \fkt {const}\ \fkt 
                              {const}\ (-1)
l.384           \end{align*}
                            
? 
! Undefined control sequence.
<argument> \fkt 
                {const}\ (-2)\ 3
l.384           \end{align*}
                            
? 
[3]

! LaTeX Error: \begin{enumerate} on input line 357 ended by \end{loesung}.

See the LaTeX manual or LaTeX Companion for explanation.
Type  H <return>  for immediate help.
 ...                                              
                                                  
l.385         \end{loesung}
                           
? 

! LaTeX Error: Environment bewertung undefined.

See the LaTeX manual or LaTeX Companion for explanation.
Type  H <return>  for immediate help.
 ...                                              
                                                  
l.388   \begin{bewertung}
                         
? 

! LaTeX Error: \begin{document} ended by \end{bewertung}.

See the LaTeX manual or LaTeX Companion for explanation.
Type  H <return>  for immediate help.
 ...                                              
                                                  
l.395   \end{bewertung}
                       
? 

! LaTeX Error: \begin{document} ended by \end{hausaufgabe}.

See the LaTeX manual or LaTeX Companion for explanation.
Type  H <return>  for immediate help.
 ...                                              
                                                  
l.397 \end{hausaufgabe}
                       
? 
! Undefined control sequence.
l.399 \pbreak
             {3}{3}
? 

! LaTeX Error: Environment hausaufgabe undefined.

See the LaTeX manual or LaTeX Companion for explanation.
Type  H <return>  for immediate help.
 ...                                              
                                                  
l.421 \begin{hausaufgabe}
                         [hss]{Modellieren mathematischer Funktion}{3}\label...

? 

LaTeX Warning: File `./ellipse.png' not found on input line 441.


! Package pdftex.def Error: File `./ellipse.png' not found.

See the pdftex.def package documentation for explanation.
Type  H <return>  for immediate help.
 ...                                              
                                                  
l.441 ...10EM,keepaspectratio=true]{./ellipse.png}
                                                  
? 
LaTeX Font Info:    Try loading font information for OMS+cmr on input line 472.

(/usr/share/texlive/texmf-dist/tex/latex/base/omscmr.fd
File: omscmr.fd 1999/05/25 v2.5h Standard LaTeX font definitions
)
LaTeX Font Info:    Font shape `OMS/cmr/m/n' in size <10.95> not available
(Font)              Font shape `OMS/cmsy/m/n' tried instead on input line 472.

Overfull \hbox (2.76309pt too wide) in paragraph at lines 472--474
[]\OT1/cmr/m/n/10.95 Zur Ver-ein-fa-chung m[]ussen Sie nicht []uber-pr[]ufen, d
ass die Be-din-gung $\OML/cmm/m/it/10.95 a \OMS/cmsy/m/n/10.95 ^^U \OML/cmm/m/i
t/10.95 b \OMS/cmsy/m/n/10.95 ^^U \OT1/cmr/m/n/10.95 0$ tats[]achlich
 []

[4]

! LaTeX Error: Environment loesung undefined.

See the LaTeX manual or LaTeX Companion for explanation.
Type  H <return>  for immediate help.
 ...                                              
                                                  
l.487   \begin{loesung}
                       
? 
! Undefined control sequence.
l.488     \verbatiminput
                        {ellipse.hs}
? 

! LaTeX Error: Environment bewertung undefined.

See the LaTeX manual or LaTeX Companion for explanation.
Type  H <return>  for immediate help.
 ...                                              
                                                  
l.489      \begin{bewertung}
                            
? 

! LaTeX Error: \begin{document} ended by \end{bewertung}.

See the LaTeX manual or LaTeX Companion for explanation.
Type  H <return>  for immediate help.
 ...                                              
                                                  
l.493     \end{bewertung}
                         
? 

! LaTeX Error: \begin{document} ended by \end{loesung}.

See the LaTeX manual or LaTeX Companion for explanation.
Type  H <return>  for immediate help.
 ...                                              
                                                  
l.494   \end{loesung}
                     
? 

! LaTeX Error: \begin{document} ended by \end{hausaufgabe}.

See the LaTeX manual or LaTeX Companion for explanation.
Type  H <return>  for immediate help.
 ...                                              
                                                  
l.496 \end{hausaufgabe}
                       
? 
Package atveryend Info: Empty hook `BeforeClearDocument' on input line 510.
[5]
Package atveryend Info: Empty hook `AfterLastShipout' on input line 510.
 (./ProMo_Bewertung01.aux)
Package atveryend Info: Executing hook `AtVeryEndDocument' on input line 510.
Package atveryend Info: Executing hook `AtEndAfterFileList' on input line 510.


Package rerunfilecheck Warning: File `ProMo_Bewertung01.out' has changed.
(rerunfilecheck)                Rerun to get outlines right
(rerunfilecheck)                or use package `bookmark'.

Package rerunfilecheck Info: Checksums for `ProMo_Bewertung01.out':
(rerunfilecheck)             Before: <no file>
(rerunfilecheck)             After:  D41D8CD98F00B204E9800998ECF8427E;0.

LaTeX Warning: There were undefined references.


LaTeX Warning: Label(s) may have changed. Rerun to get cross-references right.

Package atveryend Info: Empty hook `AtVeryVeryEnd' on input line 510.
 ) 
Here is how much of TeX's memory you used:
 9399 strings out of 493304
 127397 string characters out of 6139870
 264810 words of memory out of 5000000
 12642 multiletter control sequences out of 15000+600000
 13769 words of font info for 58 fonts, out of 8000000 for 9000
 957 hyphenation exceptions out of 8191
 29i,12n,26p,3255b,556s stack positions out of 5000i,500n,10000p,200000b,80000s
</usr/share/texlive/texmf-dist/fonts/type1/public/amsfonts/cm/cmbx10.pfb></us
r/share/texlive/texmf-dist/fonts/type1/public/amsfonts/cm/cmex10.pfb></usr/shar
e/texlive/texmf-dist/fonts/type1/public/amsfonts/cm/cmmi10.pfb></usr/share/texl
ive/texmf-dist/fonts/type1/public/amsfonts/cm/cmr10.pfb></usr/share/texlive/tex
mf-dist/fonts/type1/public/amsfonts/cm/cmr6.pfb></usr/share/texlive/texmf-dist/
fonts/type1/public/amsfonts/cm/cmr8.pfb></usr/share/texlive/texmf-dist/fonts/ty
pe1/public/amsfonts/cm/cmr9.pfb></usr/share/texlive/texmf-dist/fonts/type1/publ
ic/amsfonts/cm/cmsy10.pfb></usr/share/texlive/texmf-dist/fonts/type1/public/ams
fonts/cm/cmti10.pfb></usr/share/texlive/texmf-dist/fonts/type1/public/amsfonts/
cm/cmtt10.pfb></usr/share/texlive/texmf-dist/fonts/type1/public/amsfonts/symbol
s/msam10.pfb>
Output written on ProMo_Bewertung01.pdf (5 pages, 142020 bytes).
PDF statistics:
 109 PDF objects out of 1000 (max. 8388607)
 90 compressed objects within 1 object stream
 34 named destinations out of 1000 (max. 500000)
 1 words of extra memory for PDF output out of 10000 (max. 10000000)

